Using pre-set license
Built from '2021.1/staging' branch; Version is '2021.1.24f1 (6667702a1e7c) revision 6711152'; Using compiler version '192528614'; Build Type 'Release'
OS: 'Windows 10 Pro; OS build 19043.2006; Version 2009; 64bit' Language: 'en' Physical Memory: 16315 MB
BatchMode: 1, IsHumanControllingUs: 0, StartBugReporterOnCrash: 0, Is64bit: 1, IsPro: 0

COMMAND LINE ARGUMENTS:
C:\Program Files\Unity\Hub\Editor\2021.1.24f1\Editor\Unity.exe
-adb2
-batchMode
-noUpm
-name
AssetImportWorker0
-projectPath
E:/projects/Unity/SQS4.1
-logFile
Logs/AssetImportWorker0.log
-srvPort
62515
Successfully changed project path to: E:/projects/Unity/SQS4.1
E:/projects/Unity/SQS4.1
Using Asset Import Pipeline V2.
Refreshing native plugins compatible for Editor in 91.20 ms, found 2 plugins.
Preloading 0 native plugins for Editor in 0.00 ms.
Initialize engine version: 2021.1.24f1 (6667702a1e7c)
[Subsystems] Discovering subsystems at path C:/Program Files/Unity/Hub/Editor/2021.1.24f1/Editor/Data/Resources/UnitySubsystems
[Subsystems] Discovering subsystems at path E:/projects/Unity/SQS4.1/Assets
GfxDevice: creating device client; threaded=0; jobified=0
Direct3D:
    Version:  Direct3D 11.0 [level 11.1]
    Renderer: NVIDIA GeForce RTX 3060 (ID=0x2503)
    Vendor:   NVIDIA
    VRAM:     12142 MB
    Driver:   30.0.15.1215
Initialize mono
Mono path[0] = 'C:/Program Files/Unity/Hub/Editor/2021.1.24f1/Editor/Data/Managed'
Mono path[1] = 'C:/Program Files/Unity/Hub/Editor/2021.1.24f1/Editor/Data/MonoBleedingEdge/lib/mono/unityjit'
Mono config path = 'C:/Program Files/Unity/Hub/Editor/2021.1.24f1/Editor/Data/MonoBleedingEdge/etc'
Using monoOptions --debugger-agent=transport=dt_socket,embedding=1,server=y,suspend=n,address=127.0.0.1:56212
Begin MonoManager ReloadAssembly
Registering precompiled unity dll's ...
Register platform support module: C:/Program Files/Unity/Hub/Editor/2021.1.24f1/Editor/Data/PlaybackEngines/WindowsStandaloneSupport/UnityEditor.WindowsStandalone.Extensions.dll
Registered in 0.004065 seconds.
Native extension for WindowsStandalone target not found
Refreshing native plugins compatible for Editor in 64.94 ms, found 2 plugins.
Preloading 0 native plugins for Editor in 0.00 ms.
Mono: successfully reloaded assembly
- Completed reload, in  3.066 seconds
Domain Reload Profiling:
	ReloadAssembly (3067ms)
		BeginReloadAssembly (89ms)
			ExecutionOrderSort (0ms)
			DisableScriptedObjects (0ms)
			BackupInstance (0ms)
			ReleaseScriptingObjects (0ms)
			CreateAndSetChildDomain (1ms)
		EndReloadAssembly (516ms)
			LoadAssemblies (82ms)
			RebuildTransferFunctionScriptingTraits (0ms)
			SetupTypeCache (191ms)
			ReleaseScriptCaches (0ms)
			RebuildScriptCaches (31ms)
			SetupLoadedEditorAssemblies (227ms)
				LogAssemblyErrors (0ms)
				InitializePlatformSupportModulesInManaged (8ms)
				SetLoadedEditorAssemblies (0ms)
				RefreshPlugins (66ms)
				BeforeProcessingInitializeOnLoad (2ms)
				ProcessInitializeOnLoadAttributes (117ms)
				ProcessInitializeOnLoadMethodAttributes (34ms)
				AfterProcessingInitializeOnLoad (0ms)
				EditorAssembliesLoaded (0ms)
			ExecutionOrderSort2 (0ms)
			AwakeInstancesAfterBackupRestoration (0ms)
Platform modules already initialized, skipping
Registering precompiled user dll's ...
Registered in 0.008873 seconds.
Begin MonoManager ReloadAssembly
Native extension for WindowsStandalone target not found
Refreshing native plugins compatible for Editor in 1.17 ms, found 2 plugins.
Preloading 0 native plugins for Editor in 0.00 ms.
GPGSUpgrader start
UnityEngine.StackTraceUtility:ExtractStackTrace ()
UnityEngine.DebugLogHandler:LogFormat (UnityEngine.LogType,UnityEngine.Object,string,object[])
UnityEngine.Logger:Log (UnityEngine.LogType,object)
UnityEngine.Debug:Log (object)
GooglePlayGames.Editor.GPGSUpgrader:.cctor () (at Assets/GooglePlayGames/Editor/GPGSUpgrader.cs:36)
System.Runtime.CompilerServices.RuntimeHelpers:RunClassConstructor (System.RuntimeTypeHandle)
UnityEditor.EditorAssemblies:ProcessInitializeOnLoadAttributes (System.Type[])

(Filename: Assets/GooglePlayGames/Editor/GPGSUpgrader.cs Line: 36)

GPGSUpgrader done
UnityEngine.StackTraceUtility:ExtractStackTrace ()
UnityEngine.DebugLogHandler:LogFormat (UnityEngine.LogType,UnityEngine.Object,string,object[])
UnityEngine.Logger:Log (UnityEngine.LogType,object)
UnityEngine.Debug:Log (object)
GooglePlayGames.Editor.GPGSUpgrader:.cctor () (at Assets/GooglePlayGames/Editor/GPGSUpgrader.cs:103)
System.Runtime.CompilerServices.RuntimeHelpers:RunClassConstructor (System.RuntimeTypeHandle)
UnityEditor.EditorAssemblies:ProcessInitializeOnLoadAttributes (System.Type[])

(Filename: Assets/GooglePlayGames/Editor/GPGSUpgrader.cs Line: 103)

Mono: successfully reloaded assembly
- Completed reload, in  3.843 seconds
Domain Reload Profiling:
	ReloadAssembly (3844ms)
		BeginReloadAssembly (191ms)
			ExecutionOrderSort (0ms)
			DisableScriptedObjects (5ms)
			BackupInstance (0ms)
			ReleaseScriptingObjects (0ms)
			CreateAndSetChildDomain (21ms)
		EndReloadAssembly (3568ms)
			LoadAssemblies (129ms)
			RebuildTransferFunctionScriptingTraits (0ms)
			SetupTypeCache (359ms)
			ReleaseScriptCaches (1ms)
			RebuildScriptCaches (53ms)
			SetupLoadedEditorAssemblies (2921ms)
				LogAssemblyErrors (0ms)
				InitializePlatformSupportModulesInManaged (6ms)
				SetLoadedEditorAssemblies (1ms)
				RefreshPlugins (1ms)
				BeforeProcessingInitializeOnLoad (82ms)
				ProcessInitializeOnLoadAttributes (2736ms)
				ProcessInitializeOnLoadMethodAttributes (79ms)
				AfterProcessingInitializeOnLoad (17ms)
				EditorAssembliesLoaded (0ms)
			ExecutionOrderSort2 (0ms)
			AwakeInstancesAfterBackupRestoration (7ms)
Platform modules already initialized, skipping
========================================================================
Worker process is ready to serve import requests
Launched and connected shader compiler UnityShaderCompiler.exe after 0.06 seconds
Refreshing native plugins compatible for Editor in 1.14 ms, found 2 plugins.
Preloading 0 native plugins for Editor in 0.00 ms.
Unloading 2409 Unused Serialized files (Serialized files now loaded: 0)
System memory in use before: 96.7 MB.
System memory in use after: 96.9 MB.

Unloading 102 unused Assets to reduce memory usage. Loaded Objects now: 2794.
Total: 7.541300 ms (FindLiveObjects: 0.317700 ms CreateObjectMapping: 0.075900 ms MarkObjects: 7.049100 ms  DeleteObjects: 0.096800 ms)

AssetImportParameters requested are different than current active one (requested -> active):
  custom:framework-win-MediaFoundation: 216162199b28c13a410421893ffa2e32 -> 
  custom:video-decoder-ogg-theora: a1e56fd34408186e4bbccfd4996cb3dc -> 
  custom:container-muxer-webm: aa71ff27fc2769a1b78a27578f13a17b -> 
  custom:container-demuxer-webm: 4f35f7cbe854078d1ac9338744f61a02 -> 
  custom:container-demuxer-ogg: 62fdf1f143b41e24485cea50d1cbac27 -> 
  custom:video-encoder-webm-vp8: eb34c28f22e8b96e1ab97ce403110664 -> 
  custom:video-codec-MediaFoundation-h265: 746d11721c4dcdbdad8f713fa42b33f4 -> 
  custom:video-decoder-webm-vp8: 9c59270c3fd7afecdb556c50c9e8de78 -> 
  custom:audio-decoder-ogg-vorbis: bf7c407c2cedff20999df2af8eb42d56 -> 
  custom:audio-encoder-webm-vorbis: bf7c407c2cedff20999df2af8eb42d56 -> 
========================================================================
Received Import Request.
  path: Assets/prefabs/Wallskins/GarfieldWall.mat
  artifactKey: Guid(d00ec5358a0bd2d4f83fa4046a05f343) Importer(815301076,1909f56bfc062723c751e8b465ee728b)
Start importing Assets/prefabs/Wallskins/GarfieldWall.mat using Guid(d00ec5358a0bd2d4f83fa4046a05f343) Importer(815301076,1909f56bfc062723c751e8b465ee728b)  -> (artifact id: '877527ceb3d90d8a999d61dfc53a5d0b') in 0.344092 seconds 
========================================================================
Received Import Request.
  Time since last request: 0.000594 seconds.
  path: Assets/prefabs/models/Materials/No Name.mat
  artifactKey: Guid(db0b76c4a255dd24ca09c22900ec447b) Importer(815301076,1909f56bfc062723c751e8b465ee728b)
Start importing Assets/prefabs/models/Materials/No Name.mat using Guid(db0b76c4a255dd24ca09c22900ec447b) Importer(815301076,1909f56bfc062723c751e8b465ee728b)  -> (artifact id: '48945560c1c1e1bdb3d42db77c9281d0') in 0.072838 seconds 
========================================================================
Received Import Request.
  Time since last request: 0.000413 seconds.
  path: Assets/prefabs/Playerskins/New Material.mat
  artifactKey: Guid(f9acaf7ea75a0f34ab6e73ae0b7c82ac) Importer(815301076,1909f56bfc062723c751e8b465ee728b)
Start importing Assets/prefabs/Playerskins/New Material.mat using Guid(f9acaf7ea75a0f34ab6e73ae0b7c82ac) Importer(815301076,1909f56bfc062723c751e8b465ee728b)  -> (artifact id: 'd1b3194b07ad79239c8d768eb1f12130') in 0.060353 seconds 
========================================================================
Received Import Request.
  Time since last request: 0.000442 seconds.
  path: Assets/materials/Materials/xus7cmaf.mat
  artifactKey: Guid(19f138be5c6682b4996ceeb392a46467) Importer(815301076,1909f56bfc062723c751e8b465ee728b)
Start importing Assets/materials/Materials/xus7cmaf.mat using Guid(19f138be5c6682b4996ceeb392a46467) Importer(815301076,1909f56bfc062723c751e8b465ee728b)  -> (artifact id: 'b03c9a03ffd8df48ddc97a5fa9d9f02f') in 0.092069 seconds 
========================================================================
Received Import Request.
  Time since last request: 0.000441 seconds.
  path: Assets/prefabs/models/Materials/untitled-No Name.mat
  artifactKey: Guid(97f4e1e13aa9b2847a5ab2ba7a0581e6) Importer(815301076,1909f56bfc062723c751e8b465ee728b)
Start importing Assets/prefabs/models/Materials/untitled-No Name.mat using Guid(97f4e1e13aa9b2847a5ab2ba7a0581e6) Importer(815301076,1909f56bfc062723c751e8b465ee728b)  -> (artifact id: '5e57c4dbf5cdef8025cd63e505e0b158') in 0.017695 seconds 
========================================================================
Received Import Request.
  Time since last request: 0.000434 seconds.
  path: Assets/prefabs/Playerskins/PlayerMat2.mat
  artifactKey: Guid(8916571480f6e7f448c98bd00da42afd) Importer(815301076,1909f56bfc062723c751e8b465ee728b)
Start importing Assets/prefabs/Playerskins/PlayerMat2.mat using Guid(8916571480f6e7f448c98bd00da42afd) Importer(815301076,1909f56bfc062723c751e8b465ee728b)  -> (artifact id: '092f1d07568ef49c17a4c71d8d7edba1') in 0.071170 seconds 
========================================================================
Received Import Request.
  Time since last request: 0.000432 seconds.
  path: Assets/prefabs/Playerskins/playermat.mat
  artifactKey: Guid(4c6fc3ca6be33684092d703288013248) Importer(815301076,1909f56bfc062723c751e8b465ee728b)
Start importing Assets/prefabs/Playerskins/playermat.mat using Guid(4c6fc3ca6be33684092d703288013248) Importer(815301076,1909f56bfc062723c751e8b465ee728b)  -> (artifact id: 'b9cedffeb38bb90527a4f614f76cc18d') in 0.095871 seconds 
========================================================================
Received Import Request.
  Time since last request: 0.000464 seconds.
  path: Assets/materials/Materials/tdlczvfh.mat
  artifactKey: Guid(ef0b4e2cd7f495e43997d8e65e423b6a) Importer(815301076,1909f56bfc062723c751e8b465ee728b)
Start importing Assets/materials/Materials/tdlczvfh.mat using Guid(ef0b4e2cd7f495e43997d8e65e423b6a) Importer(815301076,1909f56bfc062723c751e8b465ee728b)  -> (artifact id: '20c3cfd9f11df02deb21b0986fc98187') in 0.068712 seconds 
========================================================================
Received Import Request.
  Time since last request: 0.000421 seconds.
  path: Assets/prefabs/models/Materials/istockphoto-1141406100-170667a.mat
  artifactKey: Guid(75658ab8aab360a4fac7eca01384ae30) Importer(815301076,1909f56bfc062723c751e8b465ee728b)
Start importing Assets/prefabs/models/Materials/istockphoto-1141406100-170667a.mat using Guid(75658ab8aab360a4fac7eca01384ae30) Importer(815301076,1909f56bfc062723c751e8b465ee728b)  -> (artifact id: 'ffdecb2b81bba5a1d08460cae21a6727') in 0.045506 seconds 
========================================================================
Received Import Request.
  Time since last request: 75.995041 seconds.
  path: Assets/materials/Menu Skybox.mat
  artifactKey: Guid(8dc8c6e1b1f13f245a84009d5612965b) Importer(815301076,1909f56bfc062723c751e8b465ee728b)
Start importing Assets/materials/Menu Skybox.mat using Guid(8dc8c6e1b1f13f245a84009d5612965b) Importer(815301076,1909f56bfc062723c751e8b465ee728b)  -> (artifact id: '489b71b8a40c8d6ec96d0645a01155f8') in 0.016185 seconds 
========================================================================
Received Import Request.
  Time since last request: 226.345097 seconds.
  path: Assets/ASDFASDF.mat
  artifactKey: Guid(296adf24c9dc35540b83120e27709224) Importer(815301076,1909f56bfc062723c751e8b465ee728b)
Start importing Assets/ASDFASDF.mat using Guid(296adf24c9dc35540b83120e27709224) Importer(815301076,1909f56bfc062723c751e8b465ee728b)  -> (artifact id: '5af21049b06cd400b6f10f248821a6ba') in 0.053138 seconds 
AssetImportWorkerClient::OnTransportError - code=2 error=End of file
